<?xml version="1.0" encoding="UTF-8"?>
<testng-results ignored="5" total="8" passed="3" failed="0" skipped="0">
  <reporter-output>
  </reporter-output>
  <suite started-at="2023-11-03T11:30:03 IST" name="Suite" finished-at="2023-11-03T11:30:54 IST" duration-ms="50820">
    <groups>
      <group name="Sanity">
        <method signature="LoginPageTest.LoginTest(java.lang.String, java.lang.String)[pri:0, instance:com.mystore.testcases.LoginPageTest@7c24b813]" name="LoginTest" class="com.mystore.testcases.LoginPageTest"/>
      </group> <!-- Sanity -->
      <group name="Smoke">
        <method signature="IndexPageTest.Verifylogo()[pri:0, instance:com.mystore.testcases.IndexPageTest@2c35e847]" name="Verifylogo" class="com.mystore.testcases.IndexPageTest"/>
        <method signature="IndexPageTest.Verifytitle()[pri:0, instance:com.mystore.testcases.IndexPageTest@2c35e847]" name="Verifytitle" class="com.mystore.testcases.IndexPageTest"/>
        <method signature="LoginPageTest.LoginTest(java.lang.String, java.lang.String)[pri:0, instance:com.mystore.testcases.LoginPageTest@7c24b813]" name="LoginTest" class="com.mystore.testcases.LoginPageTest"/>
      </group> <!-- Smoke -->
    </groups>
    <test started-at="2023-11-03T11:30:03 IST" name="Smoke_Test" finished-at="2023-11-03T11:30:54 IST" duration-ms="50820">
      <class name="com.mystore.testcases.IndexPageTest">
        <test-method is-config="true" signature="setup(java.lang.String)[pri:0, instance:com.mystore.testcases.IndexPageTest@2c35e847]" started-at="2023-11-03T11:30:36 IST" name="setup" finished-at="2023-11-03T11:30:45 IST" duration-ms="8473" status="PASS">
          <params>
            <param index="0">
              <value>
                <![CDATA[Chrome]]>
              </value>
            </param>
          </params>
          <reporter-output>
          </reporter-output>
        </test-method> <!-- setup -->
        <test-method signature="Verifylogo()[pri:0, instance:com.mystore.testcases.IndexPageTest@2c35e847]" started-at="2023-11-03T11:30:45 IST" name="Verifylogo" finished-at="2023-11-03T11:30:45 IST" duration-ms="214" status="PASS">
          <reporter-output>
          </reporter-output>
        </test-method> <!-- Verifylogo -->
        <test-method is-config="true" signature="tearDown()[pri:0, instance:com.mystore.testcases.IndexPageTest@2c35e847]" started-at="2023-11-03T11:30:45 IST" name="tearDown" finished-at="2023-11-03T11:30:46 IST" duration-ms="784" status="PASS">
          <reporter-output>
          </reporter-output>
        </test-method> <!-- tearDown -->
        <test-method is-config="true" signature="setup(java.lang.String)[pri:0, instance:com.mystore.testcases.IndexPageTest@2c35e847]" started-at="2023-11-03T11:30:46 IST" name="setup" finished-at="2023-11-03T11:30:53 IST" duration-ms="7461" status="PASS">
          <params>
            <param index="0">
              <value>
                <![CDATA[Chrome]]>
              </value>
            </param>
          </params>
          <reporter-output>
          </reporter-output>
        </test-method> <!-- setup -->
        <test-method signature="Verifytitle()[pri:0, instance:com.mystore.testcases.IndexPageTest@2c35e847]" started-at="2023-11-03T11:30:53 IST" name="Verifytitle" finished-at="2023-11-03T11:30:53 IST" duration-ms="28" status="PASS">
          <reporter-output>
          </reporter-output>
        </test-method> <!-- Verifytitle -->
        <test-method is-config="true" signature="tearDown()[pri:0, instance:com.mystore.testcases.IndexPageTest@2c35e847]" started-at="2023-11-03T11:30:53 IST" name="tearDown" finished-at="2023-11-03T11:30:54 IST" duration-ms="791" status="PASS">
          <reporter-output>
          </reporter-output>
        </test-method> <!-- tearDown -->
      </class> <!-- com.mystore.testcases.IndexPageTest -->
      <class name="com.mystore.testcases.LoginPageTest">
        <test-method is-config="true" signature="loadConfig()[pri:0, instance:com.mystore.testcases.LoginPageTest@7c24b813]" started-at="2023-11-03T11:30:03 IST" name="loadConfig" finished-at="2023-11-03T11:30:03 IST" duration-ms="430" status="PASS">
          <reporter-output>
          </reporter-output>
        </test-method> <!-- loadConfig -->
        <test-method is-config="true" signature="setup(java.lang.String)[pri:0, instance:com.mystore.testcases.LoginPageTest@7c24b813]" started-at="2023-11-03T11:30:04 IST" name="setup" finished-at="2023-11-03T11:30:27 IST" duration-ms="22911" status="PASS">
          <params>
            <param index="0">
              <value>
                <![CDATA[Chrome]]>
              </value>
            </param>
          </params>
          <reporter-output>
          </reporter-output>
        </test-method> <!-- setup -->
        <test-method signature="LoginTest(java.lang.String, java.lang.String)[pri:0, instance:com.mystore.testcases.LoginPageTest@7c24b813]" started-at="2023-11-03T11:30:27 IST" name="LoginTest" data-provider="credentials" finished-at="2023-11-03T11:30:35 IST" duration-ms="8058" status="PASS">
          <params>
            <param index="0">
              <value>
                <![CDATA[manojnvautomation@gmail.com]]>
              </value>
            </param>
            <param index="1">
              <value>
                <![CDATA[manoj2017]]>
              </value>
            </param>
          </params>
          <reporter-output>
          </reporter-output>
        </test-method> <!-- LoginTest -->
        <test-method is-config="true" signature="tearDown()[pri:0, instance:com.mystore.testcases.LoginPageTest@7c24b813]" started-at="2023-11-03T11:30:36 IST" name="tearDown" finished-at="2023-11-03T11:30:36 IST" duration-ms="762" status="PASS">
          <reporter-output>
          </reporter-output>
        </test-method> <!-- tearDown -->
      </class> <!-- com.mystore.testcases.LoginPageTest -->
    </test> <!-- Smoke_Test -->
  </suite> <!-- Suite -->
</testng-results>
