<?xml version="1.0" encoding="UTF-8"?>
<!-- Generated by org.testng.reporters.JUnitXMLReporter -->
<testsuite ignored="5" hostname="Manoj" failures="0" tests="3" name="Smoke_Test" time="50.82" errors="0" timestamp="2023-11-03T11:30:54 IST">
  <testcase classname="com.mystore.testcases.LoginPageTest" name="LoginTest" time="8.058"/>
  <testcase classname="com.mystore.testcases.IndexPageTest" name="Verifylogo" time="0.214"/>
  <testcase classname="com.mystore.testcases.IndexPageTest" name="Verifytitle" time="0.028"/>
  <testcase classname="com.mystore.testcases.AddToCartPageTest" name="AddToCartPage" time="0.0">
    <ignored/>
  </testcase> <!-- AddToCartPage -->
  <testcase classname="com.mystore.testcases.AccountPageTest" name="AccountTest" time="0.0">
    <ignored/>
  </testcase> <!-- AccountTest -->
  <testcase classname="com.mystore.base.BaseClass" name="@BeforeSuite loadConfig" time="0.0">
    <ignored/>
  </testcase> <!-- @BeforeSuite loadConfig -->
  <testcase classname="com.mystore.base.BaseClass" name="@BeforeSuite loadConfig" time="0.0">
    <ignored/>
  </testcase> <!-- @BeforeSuite loadConfig -->
  <testcase classname="com.mystore.base.BaseClass" name="@BeforeSuite loadConfig" time="0.0">
    <ignored/>
  </testcase> <!-- @BeforeSuite loadConfig -->
</testsuite> <!-- Smoke_Test -->
